Processing focus_depth_bin: -200, distance_range: (5, 40)
NQE Fit: Slope = 0.68 ± 0.00, Intercept = -85.94 ± 0.20
HQE Fit: Slope = 0.12 ± 0.00, Intercept = 6818.33 ± 11.99
Saved histogram plot: launches_histogram.pdf
Fit for NQE < 100: Slope = 1.00, Intercept = 0.00
Fit for 100 ≤ NQE < 300: Slope = 1.00, Intercept = 0.00
Fit for 300 ≤ NQE < 600: Slope = 1.00, Intercept = 0.00
Fit for HQE: Slope = 0.69, Intercept = -2872.44
Saved scatter plot: launches_vs_expected_hits.pdf
Saved scatter plot: ride_vs_dom_x.pdf
Saved scatter plot: ride_vs_dom_x.pdf
Saved PDF: /groups/icecube/simon/GNN/workspace/Plots/combined_plots_part2_200_5_40.pdf
Processing focus_depth_bin: -200, distance_range: (5, 200)
NQE Fit: Slope = 0.84 ± 0.00, Intercept = -67.35 ± 0.20
HQE Fit: Slope = 0.54 ± 0.00, Intercept = 7188.45 ± 7.83
Saved histogram plot: launches_histogram.pdf
Fit for NQE < 100: Slope = 1.00, Intercept = 0.00
Fit for 100 ≤ NQE < 300: Slope = 1.00, Intercept = 0.00
Fit for 300 ≤ NQE < 600: Slope = 1.00, Intercept = 0.00
Fit for HQE: Slope = 0.00, Intercept = 21137.44
Saved scatter plot: launches_vs_expected_hits.pdf
Saved scatter plot: ride_vs_dom_x.pdf
Saved scatter plot: ride_vs_dom_x.pdf
Saved PDF: /groups/icecube/simon/GNN/workspace/Plots/combined_plots_part2_200_5_200.pdf
Processing focus_depth_bin: -320, distance_range: (5, 40)
