[1;34mgraphnet[0m [MainProcess] [32mINFO    [0m 2025-01-20 13:37:42 - IceCubeUpgrade.__init__ - Writing log to [1mlogs/graphnet_20250120-133742.log[0m
[1;34mgraphnet[0m [MainProcess] [32mINFO    [0m 2025-01-20 13:38:25 - StandardModel.main - Training initiated with callbacks: EarlyStopping[0m
[1;34mgraphnet[0m [MainProcess] [33mWARNING [0m 2025-01-20 13:38:25 - StandardModel.<module> - No ModelCheckpoint found in callbacks. Best-fit model will not automatically be loaded after training![0m
GPU available: True (cuda), used: True
TPU available: False, using: 0 TPU cores
HPU available: False, using: 0 HPUs
----------------------------------------------------------------------------------------------------
distributed_backend=nccl
All distributed processes registered. Starting with 1 processes
----------------------------------------------------------------------------------------------------

LOCAL_RANK: 0 - CUDA_VISIBLE_DEVICES: [0,1]

  | Name              | Type       | Params | Mode 
---------------------------------------------------------
0 | _tasks            | ModuleList | 387    | train
1 | _graph_definition | KNNGraph   | 0      | train
2 | backbone          | DynEdge    | 1.4 M  | train
---------------------------------------------------------
1.4 M     Trainable params
0         Non-trainable params
1.4 M     Total params
5.530     Total estimated model params size (MB)
35        Modules in train mode
0         Modules in eval mode
