[1;34mgraphnet[0m [MainProcess] [32mINFO    [0m 2025-01-21 13:37:27 - IceCubeUpgrade.__init__ - Writing log to [1mlogs/graphnet_20250121-133727.log[0m
GPU available: True (cuda), used: True
TPU available: False, using: 0 TPU cores
HPU available: False, using: 0 HPUs
LOCAL_RANK: 0 - CUDA_VISIBLE_DEVICES: [0,1]

  | Name              | Type       | Params | Mode 
---------------------------------------------------------
0 | _tasks            | ModuleList | 387    | train
1 | _graph_definition | KNNGraph   | 0      | train
2 | backbone          | DynEdge    | 1.4 M  | train
---------------------------------------------------------
1.4 M     Trainable params
0         Non-trainable params
1.4 M     Total params
5.530     Total estimated model params size (MB)
36        Modules in train mode
0         Modules in eval mode
Metric val_loss improved. New best score: 123.818
Metric val_loss improved by 2.425 >= min_delta = 0.0. New best score: 121.392
Metric val_loss improved by 1.538 >= min_delta = 0.0. New best score: 119.854

Detected KeyboardInterrupt, attempting graceful shutdown ...
