[1;34mgraphnet[0m [MainProcess] [32mINFO    [0m 2025-01-21 11:49:25 - IceCubeUpgrade.__init__ - Writing log to [1mlogs/graphnet_20250121-114925.log[0m
GPU available: True (cuda), used: True
TPU available: False, using: 0 TPU cores
HPU available: False, using: 0 HPUs
LOCAL_RANK: 0 - CUDA_VISIBLE_DEVICES: [0,1]

  | Name              | Type       | Params | Mode 
---------------------------------------------------------
0 | _tasks            | ModuleList | 387    | train
1 | _graph_definition | KNNGraph   | 0      | train
2 | backbone          | DynEdge    | 1.4 M  | train
---------------------------------------------------------
1.4 M     Trainable params
0         Non-trainable params
1.4 M     Total params
5.530     Total estimated model params size (MB)
36        Modules in train mode
0         Modules in eval mode
Metric val_loss improved. New best score: 188.261
Metric val_loss improved by 32.756 >= min_delta = 0.0. New best score: 155.505
Metric val_loss improved by 14.798 >= min_delta = 0.0. New best score: 140.707
Metric val_loss improved by 7.314 >= min_delta = 0.0. New best score: 133.393
Metric val_loss improved by 2.306 >= min_delta = 0.0. New best score: 131.087
Metric val_loss improved by 2.753 >= min_delta = 0.0. New best score: 128.334
Metric val_loss improved by 0.560 >= min_delta = 0.0. New best score: 127.774
Metric val_loss improved by 1.268 >= min_delta = 0.0. New best score: 126.507
Metric val_loss improved by 2.139 >= min_delta = 0.0. New best score: 124.367
Metric val_loss improved by 0.224 >= min_delta = 0.0. New best score: 124.143
Metric val_loss improved by 0.490 >= min_delta = 0.0. New best score: 123.653
Metric val_loss improved by 0.196 >= min_delta = 0.0. New best score: 123.457
Metric val_loss improved by 0.662 >= min_delta = 0.0. New best score: 122.795
Monitored metric val_loss did not improve in the last 5 records. Best score: 122.795. Signaling Trainer to stop.
[1;34mgraphnet[0m [MainProcess] [32mINFO    [0m 2025-01-21 12:20:50 - StandardModel.<module> - Column names for predictions are: 
 ['position_x_pred', 'position_y_pred', 'position_z_pred'][0m
GPU available: True (cuda), used: False
TPU available: False, using: 0 TPU cores
HPU available: False, using: 0 HPUs
